mytv/framedemo/recoTvFrameDemo/build/outputs/logs/manifest-merger-release-report.txt
-- Merging decision tree log ---
manifest
ADDED from src\main\AndroidManifest.xml:2:1-155:12
	package
		ADDED from src\main\AndroidManifest.xml:3:5-30
		INJECTED from src\main\AndroidManifest.xml
		INJECTED from src\main\AndroidManifest.xml
	android:versionName
		ADDED from src\main\AndroidManifest.xml:5:5-30
		INJECTED from src\main\AndroidManifest.xml
		INJECTED from src\main\AndroidManifest.xml
	android:versionCode
		ADDED from src\main\AndroidManifest.xml:4:5-28
		INJECTED from src\main\AndroidManifest.xml
		INJECTED from src\main\AndroidManifest.xml
	xmlns:android
		ADDED from src\main\AndroidManifest.xml:2:11-69
uses-sdk
ADDED from src\main\AndroidManifest.xml:7:5-9:41
MERGED from [framedemo:recoTvFrame:unspecified] AndroidManifest.xml:7:5-9:41
MERGED from [com.android.support:appcompat-v7:23.2.0] AndroidManifest.xml:21:5-23:78
MERGED from [com.android.support:animated-vector-drawable:23.2.0] AndroidManifest.xml:5:5-44
MERGED from [com.android.support:support-vector-drawable:23.2.0] AndroidManifest.xml:5:5-43
MERGED from [com.android.support:support-v4:23.2.0] AndroidManifest.xml:20:5-43
	tools:overrideLibrary
		ADDED from [com.android.support:appcompat-v7:23.2.0] AndroidManifest.xml:23:9-75
	android:targetSdkVersion
		ADDED from src\main\AndroidManifest.xml:9:9-38
		INJECTED from src\main\AndroidManifest.xml
		INJECTED from src\main\AndroidManifest.xml
	android:minSdkVersion
		ADDED from src\main\AndroidManifest.xml:8:9-35
		INJECTED from src\main\AndroidManifest.xml
		INJECTED from src\main\AndroidManifest.xml
uses-permission#android.permission.ACCESS_COARSE_LOCATION
ADDED from src\main\AndroidManifest.xml:11:5-81
	android:name
		ADDED from src\main\AndroidManifest.xml:11:22-78
uses-permission#android.permission.INTERNET
ADDED from src\main\AndroidManifest.xml:12:5-67
	android:name
		ADDED from src\main\AndroidManifest.xml:12:22-64
uses-permission#android.permission.WRITE_EXTERNAL_STORAGE
ADDED from src\main\AndroidManifest.xml:13:5-81
	android:name
		ADDED from src\main\AndroidManifest.xml:13:22-78
uses-permission#android.permission.MOUNT_UNMOUNT_FILESYSTEMS
ADDED from src\main\AndroidManifest.xml:14:5-83
	android:name
		ADDED from src\main\AndroidManifest.xml:14:22-81
uses-permission#android.permission.ACCESS_NETWORK_STATE
ADDED from src\main\AndroidManifest.xml:15:5-95
	android:name
		ADDED from src\main\AndroidManifest.xml:15:22-76
uses-permission#android.permission.ACCESS_FINE_LOCATION
ADDED from src\main\AndroidManifest.xml:16:5-79
	android:name
		ADDED from src\main\AndroidManifest.xml:16:22-76
uses-permission#android.permission.WRITE_SETTINGS
ADDED from src\main\AndroidManifest.xml:17:5-73
	android:name
		ADDED from src\main\AndroidManifest.xml:17:22-70
uses-permission#android.permission.READ_PHONE_STATE
ADDED from src\main\AndroidManifest.xml:18:5-75
	android:name
		ADDED from src\main\AndroidManifest.xml:18:22-72
uses-permission#android.permission.CHANGE_WIFI_STATE
ADDED from src\main\AndroidManifest.xml:19:5-76
	android:name
		ADDED from src\main\AndroidManifest.xml:19:22-73
uses-permission#android.permission.ACCESS_WIFI_STATE
ADDED from src\main\AndroidManifest.xml:20:5-76
	android:name
		ADDED from src\main\AndroidManifest.xml:20:22-73
uses-permission#android.permission.CHANGE_CONFIGURATION
ADDED from src\main\AndroidManifest.xml:21:5-79
	android:name
		ADDED from src\main\AndroidManifest.xml:21:22-76
uses-permission#android.permission.WAKE_LOCK
ADDED from src\main\AndroidManifest.xml:23:5-68
	android:name
		ADDED from src\main\AndroidManifest.xml:23:22-65
uses-permission#android.permission.RECEIVE_SMS
ADDED from src\main\AndroidManifest.xml:24:5-70
	android:name
		ADDED from src\main\AndroidManifest.xml:24:22-67
uses-permission#android.permission.GET_TASKS
ADDED from src\main\AndroidManifest.xml:25:5-68
	android:name
		ADDED from src\main\AndroidManifest.xml:25:22-65
uses-permission#android.permission.RECEIVE_BOOT_COMPLETED
ADDED from src\main\AndroidManifest.xml:26:5-81
	android:name
		ADDED from src\main\AndroidManifest.xml:26:22-78
application
ADDED from src\main\AndroidManifest.xml:28:5-153:19
MERGED from [com.android.support:appcompat-v7:23.2.0] AndroidManifest.xml:25:5-20
MERGED from [com.android.support:animated-vector-drawable:23.2.0] AndroidManifest.xml:7:5-20
MERGED from [com.android.support:support-vector-drawable:23.2.0] AndroidManifest.xml:7:5-20
MERGED from [com.android.support:support-v4:23.2.0] AndroidManifest.xml:22:5-20
	android:label
		ADDED from src\main\AndroidManifest.xml:32:9-41
	android:allowBackup
		ADDED from src\main\AndroidManifest.xml:30:9-35
	android:icon
		ADDED from src\main\AndroidManifest.xml:31:9-38
	android:theme
		ADDED from src\main\AndroidManifest.xml:33:9-40
	android:name
		ADDED from src\main\AndroidManifest.xml:29:9-59
activity#reco.frame.demo.MainActivity
ADDED from src\main\AndroidManifest.xml:34:9-40:20
	android:screenOrientation
		ADDED from src\main\AndroidManifest.xml:37:13-50
	android:label
		ADDED from src\main\AndroidManifest.xml:36:13-45
	android:theme
		ADDED from src\main\AndroidManifest.xml:38:13-77
	android:name
		ADDED from src\main\AndroidManifest.xml:35:13-56
activity#reco.frame.demo.PlayActivity
ADDED from src\main\AndroidManifest.xml:41:9-47:20
	android:screenOrientation
		ADDED from src\main\AndroidManifest.xml:44:13-50
	android:label
		ADDED from src\main\AndroidManifest.xml:43:13-45
	android:theme
		ADDED from src\main\AndroidManifest.xml:45:13-77
	android:name
		ADDED from src\main\AndroidManifest.xml:42:13-56
activity#reco.frame.demo.WebActivity
ADDED from src\main\AndroidManifest.xml:49:9-54:20
	android:screenOrientation
		ADDED from src\main\AndroidManifest.xml:52:13-50
	android:label
		ADDED from src\main\AndroidManifest.xml:51:13-45
	android:name
		ADDED from src\main\AndroidManifest.xml:50:13-55
activity#reco.frame.demo.SystemActivity
ADDED from src\main\AndroidManifest.xml:55:9-61:20
	android:screenOrientation
		ADDED from src\main\AndroidManifest.xml:58:13-50
	android:label
		ADDED from src\main\AndroidManifest.xml:57:13-45
	android:name
		ADDED from src\main\AndroidManifest.xml:56:13-58
activity#reco.frame.demo.AppStart
ADDED from src\main\AndroidManifest.xml:62:9-71:20
	android:screenOrientation
		ADDED from src\main\AndroidManifest.xml:65:13-50
	android:label
		ADDED from src\main\AndroidManifest.xml:64:13-45
	android:theme
		ADDED from src\main\AndroidManifest.xml:66:13-77
	android:name
		ADDED from src\main\AndroidManifest.xml:63:13-52
intent-filter#android.intent.action.MAIN+android.intent.category.LAUNCHER
ADDED from src\main\AndroidManifest.xml:67:13-70:29
action#android.intent.action.MAIN
ADDED from src\main\AndroidManifest.xml:68:17-69
	android:name
		ADDED from src\main\AndroidManifest.xml:68:25-66
category#android.intent.category.LAUNCHER
ADDED from src\main\AndroidManifest.xml:69:17-77
	android:name
		ADDED from src\main\AndroidManifest.xml:69:27-74
activity#reco.frame.demo.LoginActivity
ADDED from src\main\AndroidManifest.xml:72:9-78:20
	android:screenOrientation
		ADDED from src\main\AndroidManifest.xml:75:13-50
	android:label
		ADDED from src\main\AndroidManifest.xml:74:13-45
	android:theme
		ADDED from src\main\AndroidManifest.xml:76:13-77
	android:name
		ADDED from src\main\AndroidManifest.xml:73:13-57
activity#reco.frame.demo.HuiYiActivity
ADDED from src\main\AndroidManifest.xml:79:9-85:20
	android:screenOrientation
		ADDED from src\main\AndroidManifest.xml:82:13-50
	android:label
		ADDED from src\main\AndroidManifest.xml:81:13-45
	android:theme
		ADDED from src\main\AndroidManifest.xml:83:13-77
	android:name
		ADDED from src\main\AndroidManifest.xml:80:13-57
activity#reco.frame.demo.DJnewsActivity
ADDED from src\main\AndroidManifest.xml:86:9-91:20
	android:screenOrientation
		ADDED from src\main\AndroidManifest.xml:89:13-50
	android:label
		ADDED from src\main\AndroidManifest.xml:88:13-45
	android:name
		ADDED from src\main\AndroidManifest.xml:87:13-58
activity#reco.frame.demo.BMActivity
ADDED from src\main\AndroidManifest.xml:92:9-97:20
	android:screenOrientation
		ADDED from src\main\AndroidManifest.xml:95:13-50
	android:label
		ADDED from src\main\AndroidManifest.xml:94:13-45
	android:name
		ADDED from src\main\AndroidManifest.xml:93:13-54
activity#reco.frame.demo.XueXiActivity
ADDED from src\main\AndroidManifest.xml:98:9-103:20
	android:screenOrientation
		ADDED from src\main\AndroidManifest.xml:101:13-50
	android:label
		ADDED from src\main\AndroidManifest.xml:100:13-45
	android:name
		ADDED from src\main\AndroidManifest.xml:99:13-57
activity#reco.frame.demo.XueXiPlayer
ADDED from src\main\AndroidManifest.xml:104:9-109:20
	android:screenOrientation
		ADDED from src\main\AndroidManifest.xml:107:13-50
	android:label
		ADDED from src\main\AndroidManifest.xml:106:13-45
	android:name
		ADDED from src\main\AndroidManifest.xml:105:13-55
activity#reco.frame.demo.VideosActivity
ADDED from src\main\AndroidManifest.xml:110:9-116:20
	android:screenOrientation
		ADDED from src\main\AndroidManifest.xml:113:13-50
	android:label
		ADDED from src\main\AndroidManifest.xml:112:13-45
	android:theme
		ADDED from src\main\AndroidManifest.xml:114:13-77
	android:name
		ADDED from src\main\AndroidManifest.xml:111:13-58
activity#reco.frame.demo.Play2Activity
ADDED from src\main\AndroidManifest.xml:117:9-123:20
	android:screenOrientation
		ADDED from src\main\AndroidManifest.xml:120:13-50
	android:label
		ADDED from src\main\AndroidManifest.xml:119:13-45
	android:theme
		ADDED from src\main\AndroidManifest.xml:121:13-77
	android:name
		ADDED from src\main\AndroidManifest.xml:118:13-57
service#com.baidu.location.f
ADDED from src\main\AndroidManifest.xml:125:9-132:19
	android:enabled
		ADDED from src\main\AndroidManifest.xml:127:13-35
	android:process
		ADDED from src\main\AndroidManifest.xml:128:13-38
	android:name
		ADDED from src\main\AndroidManifest.xml:126:13-48
intent-filter#com.baidu.location.service_v2.2
ADDED from src\main\AndroidManifest.xml:129:13-131:29
action#com.baidu.location.service_v2.2
ADDED from src\main\AndroidManifest.xml:130:17-81
	android:name
		ADDED from src\main\AndroidManifest.xml:130:25-71
meta-data#com.baidu.lbsapi.API_KEY
ADDED from src\main\AndroidManifest.xml:133:9-135:64
	android:value
		ADDED from src\main\AndroidManifest.xml:135:13-61
	android:name
		ADDED from src\main\AndroidManifest.xml:134:13-52
receiver#broadcast.ReceiverMsg
ADDED from src\main\AndroidManifest.xml:138:9-143:20
	android:name
		ADDED from src\main\AndroidManifest.xml:138:19-55
intent-filter#com.yang.msg
ADDED from src\main\AndroidManifest.xml:140:13-142:29
action#com.yang.msg
ADDED from src\main\AndroidManifest.xml:141:17-55
	android:name
		ADDED from src\main\AndroidManifest.xml:141:25-52
receiver#broadcast.BootBroadcastReceiver
ADDED from src\main\AndroidManifest.xml:144:9-150:20
	android:name
		ADDED from src\main\AndroidManifest.xml:144:19-65
intent-filter#android.intent.action.BOOT_COMPLETED+android.intent.category.DEFAULT
ADDED from src\main\AndroidManifest.xml:145:13-149:29
action#android.intent.action.BOOT_COMPLETED
ADDED from src\main\AndroidManifest.xml:147:17-86
	android:name
		ADDED from src\main\AndroidManifest.xml:147:25-76
category#android.intent.category.DEFAULT
ADDED from src\main\AndroidManifest.xml:148:17-76
	android:name
		ADDED from src\main\AndroidManifest.xml:148:27-73